生成启动时间为 2019/9/29 17:40:35。
     1>项目“E:\比特科技学习1\比特科技C语言学习\_Seqlist_\_Seqlist_\_Seqlist_.vcxproj”在节点 2 上(Build 个目标)。
     1>ClCompile:
         D:\LDSGameMaster\VC\bin\CL.exe /c /ZI /nologo /W3 /WX- /sdl /Od /Oy- /D WIN32 /D _DEBUG /D _CONSOLE /D _LIB /D _UNICODE /D UNICODE /Gm /EHsc /RTC1 /MDd /GS /fp:precise /Zc:wchar_t /Zc:forScope /Fo"Debug\\" /Fd"Debug\vc120.pdb" /Gd /TC /analyze- /errorReport:prompt Seqlist.c test.c
         test.c
         Seqlist.c
     1>e:\比特科技学习1\比特科技c语言学习\_seqlist_\_seqlist_\seqlist.c(25): warning C4018: “<”: 有符号/无符号不匹配
     1>e:\比特科技学习1\比特科技c语言学习\_seqlist_\_seqlist_\seqlist.c(52): warning C4018: “<”: 有符号/无符号不匹配
     1>e:\比特科技学习1\比特科技c语言学习\_seqlist_\_seqlist_\seqlist.c(97): warning C4018: “<”: 有符号/无符号不匹配
     1>e:\比特科技学习1\比特科技c语言学习\_seqlist_\_seqlist_\seqlist.c(99): warning C4018: “<”: 有符号/无符号不匹配
     1>e:\比特科技学习1\比特科技c语言学习\_seqlist_\_seqlist_\seqlist.c(132): warning C4018: “>”: 有符号/无符号不匹配
     1>e:\比特科技学习1\比特科技c语言学习\_seqlist_\_seqlist_\seqlist.c(151): warning C4018: “>”: 有符号/无符号不匹配
     1>e:\比特科技学习1\比特科技c语言学习\_seqlist_\_seqlist_\seqlist.c(162): warning C4018: “<”: 有符号/无符号不匹配
     1>e:\比特科技学习1\比特科技c语言学习\_seqlist_\_seqlist_\seqlist.c(166): warning C4018: “<”: 有符号/无符号不匹配
     1>e:\比特科技学习1\比特科技c语言学习\_seqlist_\_seqlist_\seqlist.c(192): warning C4018: “<”: 有符号/无符号不匹配
         正在生成代码...
     1>e:\比特科技学习1\比特科技c语言学习\_seqlist_\_seqlist_\seqlist.c(20): warning C4715: “SeqlistInc”: 不是所有的控件路径都返回值
       Link:
         D:\LDSGameMaster\VC\bin\link.exe /ERRORREPORT:PROMPT /OUT:"E:\比特科技学习1\比特科技C语言学习\_Seqlist_\Debug\_Seqlist_.exe" /INCREMENTAL /NOLOGO kernel32.lib user32.lib gdi32.lib winspool.lib comdlg32.lib advapi32.lib shell32.lib ole32.lib oleaut32.lib uuid.lib odbc32.lib odbccp32.lib /MANIFEST /MANIFESTUAC:"level='asInvoker' uiAccess='false'" /manifest:embed /DEBUG /PDB:"E:\比特科技学习1\比特科技C语言学习\_Seqlist_\Debug\_Seqlist_.pdb" /SUBSYSTEM:CONSOLE /TLBID:1 /DYNAMICBASE /NXCOMPAT /IMPLIB:"E:\比特科技学习1\比特科技C语言学习\_Seqlist_\Debug\_Seqlist_.lib" /MACHINE:X86 Debug\Seqlist.obj
         Debug\test.obj
         _Seqlist_.vcxproj -> E:\比特科技学习1\比特科技C语言学习\_Seqlist_\Debug\_Seqlist_.exe
     1>已完成生成项目“E:\比特科技学习1\比特科技C语言学习\_Seqlist_\_Seqlist_\_Seqlist_.vcxproj”(Build 个目标)的操作。

生成成功。

已用时间 00:00:00.73
